<?xml version="1.0" encoding="UTF-8" ?>
<testsuite tests="21" failures="1" name="io.cucumber.skeleton.RunCucumberTest" time="0.03" errors="2" skipped="17">
  <properties>
    <property name="java.runtime.name" value="Java(TM) SE Runtime Environment"/>
    <property name="sun.boot.library.path" value="/Library/Java/JavaVirtualMachines/jdk1.8.0_202.jdk/Contents/Home/jre/lib"/>
    <property name="java.vm.version" value="25.202-b08"/>
    <property name="gopherProxySet" value="false"/>
    <property name="java.vm.vendor" value="Oracle Corporation"/>
    <property name="maven.multiModuleProjectDirectory" value="/Users/linghaoz/testReport/cucumber/cucumber-java-skeleton-master"/>
    <property name="java.vendor.url" value="http://java.oracle.com/"/>
    <property name="path.separator" value=":"/>
    <property name="guice.disable.misplaced.annotation.check" value="true"/>
    <property name="java.vm.name" value="Java HotSpot(TM) 64-Bit Server VM"/>
    <property name="file.encoding.pkg" value="sun.io"/>
    <property name="user.country" value="US"/>
    <property name="sun.java.launcher" value="SUN_STANDARD"/>
    <property name="sun.os.patch.level" value="unknown"/>
    <property name="java.vm.specification.name" value="Java Virtual Machine Specification"/>
    <property name="user.dir" value="/Users/linghaoz/testReport/cucumber/cucumber-java-skeleton-master"/>
    <property name="java.runtime.version" value="1.8.0_202-b08"/>
    <property name="java.awt.graphicsenv" value="sun.awt.CGraphicsEnvironment"/>
    <property name="java.endorsed.dirs" value="/Library/Java/JavaVirtualMachines/jdk1.8.0_202.jdk/Contents/Home/jre/lib/endorsed"/>
    <property name="os.arch" value="x86_64"/>
    <property name="java.io.tmpdir" value="/var/folders/r3/hr73lyw13p3d1g0__g1_qm9x0f30wf/T/"/>
    <property name="line.separator" value="
"/>
    <property name="java.vm.specification.vendor" value="Oracle Corporation"/>
    <property name="os.name" value="Mac OS X"/>
    <property name="classworlds.conf" value="/usr/local/Cellar/maven/3.6.1/libexec/bin/m2.conf"/>
    <property name="sun.jnu.encoding" value="UTF-8"/>
    <property name="java.library.path" value="/Users/linghaoz/Library/Java/Extensions:/Library/Java/Extensions:/Network/Library/Java/Extensions:/System/Library/Java/Extensions:/usr/lib/java:."/>
    <property name="maven.conf" value="/usr/local/Cellar/maven/3.6.1/libexec/conf"/>
    <property name="java.specification.name" value="Java Platform API Specification"/>
    <property name="java.class.version" value="52.0"/>
    <property name="sun.management.compiler" value="HotSpot 64-Bit Tiered Compilers"/>
    <property name="os.version" value="10.12.6"/>
    <property name="library.jansi.path" value="/usr/local/Cellar/maven/3.6.1/libexec/lib/jansi-native"/>
    <property name="user.home" value="/Users/linghaoz"/>
    <property name="user.timezone" value="America/Los_Angeles"/>
    <property name="java.awt.printerjob" value="sun.lwawt.macosx.CPrinterJob"/>
    <property name="java.specification.version" value="1.8"/>
    <property name="file.encoding" value="UTF-8"/>
    <property name="user.name" value="linghaoz"/>
    <property name="java.class.path" value="/usr/local/Cellar/maven/3.6.1/libexec/boot/plexus-classworlds-2.6.0.jar"/>
    <property name="java.vm.specification.version" value="1.8"/>
    <property name="sun.arch.data.model" value="64"/>
    <property name="java.home" value="/Library/Java/JavaVirtualMachines/jdk1.8.0_202.jdk/Contents/Home/jre"/>
    <property name="sun.java.command" value="org.codehaus.plexus.classworlds.launcher.Launcher test"/>
    <property name="java.specification.vendor" value="Oracle Corporation"/>
    <property name="user.language" value="en"/>
    <property name="awt.toolkit" value="sun.lwawt.macosx.LWCToolkit"/>
    <property name="java.vm.info" value="mixed mode"/>
    <property name="java.version" value="1.8.0_202"/>
    <property name="java.ext.dirs" value="/Users/linghaoz/Library/Java/Extensions:/Library/Java/JavaVirtualMachines/jdk1.8.0_202.jdk/Contents/Home/jre/lib/ext:/Library/Java/Extensions:/Network/Library/Java/Extensions:/System/Library/Java/Extensions:/usr/lib/java"/>
    <property name="sun.boot.class.path" value="/Library/Java/JavaVirtualMachines/jdk1.8.0_202.jdk/Contents/Home/jre/lib/resources.jar:/Library/Java/JavaVirtualMachines/jdk1.8.0_202.jdk/Contents/Home/jre/lib/rt.jar:/Library/Java/JavaVirtualMachines/jdk1.8.0_202.jdk/Contents/Home/jre/lib/sunrsasign.jar:/Library/Java/JavaVirtualMachines/jdk1.8.0_202.jdk/Contents/Home/jre/lib/jsse.jar:/Library/Java/JavaVirtualMachines/jdk1.8.0_202.jdk/Contents/Home/jre/lib/jce.jar:/Library/Java/JavaVirtualMachines/jdk1.8.0_202.jdk/Contents/Home/jre/lib/charsets.jar:/Library/Java/JavaVirtualMachines/jdk1.8.0_202.jdk/Contents/Home/jre/lib/jfr.jar:/Library/Java/JavaVirtualMachines/jdk1.8.0_202.jdk/Contents/Home/jre/classes"/>
    <property name="java.vendor" value="Oracle Corporation"/>
    <property name="maven.home" value="/usr/local/Cellar/maven/3.6.1/libexec"/>
    <property name="file.separator" value="/"/>
    <property name="java.vendor.url.bug" value="http://bugreport.sun.com/bugreport/"/>
    <property name="sun.cpu.endian" value="little"/>
    <property name="sun.io.unicode.encoding" value="UnicodeBig"/>
    <property name="sun.cpu.isalist" value=""/>
  </properties>
  <testcase classname="Cucumber tests for agent" name="Generate reports for undefined test steps" time="0.005">
    <skipped/>
    <system-out>This is a undefined test
</system-out>
  </testcase>
  <testcase classname="Cucumber tests for agent" name="Generate reports for undefined test steps" time="0.005">
    <skipped/>
  </testcase>
  <testcase classname="Cucumber tests for agent" name="Generate reports for undefined test steps" time="0.005">
    <skipped/>
  </testcase>
  <testcase classname="Cucumber tests for agent" name="Generate reports for undefined test steps" time="0.005">
    <skipped/>
  </testcase>
  <testcase classname="Cucumber tests for agent" name="Generate reports for undefined test steps with scenario outline" time="0.001">
    <skipped/>
  </testcase>
  <testcase classname="Cucumber tests for agent" name="Generate reports for undefined test steps with scenario outline" time="0.001">
    <skipped/>
  </testcase>
  <testcase classname="Cucumber tests for agent" name="Generate reports for undefined test steps with scenario outline" time="0.001">
    <skipped/>
  </testcase>
  <testcase classname="Cucumber tests for agent" name="Generate reports for undefined test steps with scenario outline" time="0.001">
    <skipped/>
  </testcase>
  <testcase classname="Cucumber tests for agent" name="Generate reports for undefined test steps with scenario outline" time="0">
    <skipped/>
  </testcase>
  <testcase classname="Cucumber tests for agent" name="Generate reports for undefined test steps with scenario outline" time="0">
    <skipped/>
  </testcase>
  <testcase classname="Cucumber tests for agent" name="Generate reports for undefined test steps with scenario outline" time="0">
    <skipped/>
  </testcase>
  <testcase classname="Cucumber tests for agent" name="Generate reports for undefined test steps with scenario outline" time="0">
    <skipped/>
  </testcase>
  <testcase classname="Cucumber tests for agent" name="Generate reports for pending test steps" time="0.001">
    <skipped/>
  </testcase>
  <testcase classname="Cucumber tests for agent" name="Generate reports for pending test steps with scenario outline" time="0.001">
    <skipped/>
    <system-out>This is a pending test
</system-out>
  </testcase>
  <testcase classname="Cucumber tests for agent" name="Generate reports for pending test steps with scenario outline" time="0">
    <skipped/>
    <system-out>This is a pending test
</system-out>
  </testcase>
  <testcase classname="Cucumber tests for agent" name="Generate reports for pending test steps with scenario outline" time="0">
    <skipped/>
  </testcase>
  <testcase classname="Cucumber tests for agent" name="Generate reports for failed test steps" time="0.004">
    <failure message="expected:&lt;[a]&gt; but was:&lt;[b]&gt;" type="org.junit.ComparisonFailure">org.junit.ComparisonFailure: expected:&lt;[a]&gt; but was:&lt;[b]&gt;
	at org.junit.Assert.assertEquals(Assert.java:115)
	at org.junit.Assert.assertEquals(Assert.java:144)
	at io.cucumber.skeleton.Stepdefs.i_write_a_failed_step(Stepdefs.java:70)
	at ✽.I write a failed step(classpath:io/cucumber/skeleton/TestAgentCucumber.feature:47)
</failure>
    <system-out>This is a failed test
</system-out>
  </testcase>
  <testcase classname="Cucumber tests for agent" name="Generate reports for error test steps" time="0">
    <error message="Index: 0, Size: 0" type="java.lang.IndexOutOfBoundsException">java.lang.IndexOutOfBoundsException: Index: 0, Size: 0
	at java.util.ArrayList.rangeCheck(ArrayList.java:657)
	at java.util.ArrayList.get(ArrayList.java:433)
	at io.cucumber.skeleton.Stepdefs.i_write_an_error_step(Stepdefs.java:76)
	at ✽.I write an error step(classpath:io/cucumber/skeleton/TestAgentCucumber.feature:54)
</error>
    <system-out>This is an error test
</system-out>
  </testcase>
  <testcase classname="Cucumber tests for agent" name="Generate reports for throw error test steps" time="0">
    <error type="java.lang.IllegalArgumentException">java.lang.IllegalArgumentException
	at io.cucumber.skeleton.Stepdefs.i_write_a_throw_error_step(Stepdefs.java:81)
	at ✽.I write a throw error step(classpath:io/cucumber/skeleton/TestAgentCucumber.feature:61)
</error>
    <system-out>This is a throw error test
</system-out>
  </testcase>
  <testcase classname="Cucumber tests for agent" name="Generate reports for succeeded test steps" time="0"/>
  <testcase classname="Cucumber tests for agent" name="Generate reports for mixed test steps" time="0">
    <skipped/>
    <system-out>This is a mixed step test
</system-out>
  </testcase>
</testsuite>
